Change Component DesignItemId : Designator=U4 Old DesignItemId= New DesignItemId=CH340
Change Component DesignItemId : Designator=J6 Old DesignItemId= New DesignItemId=CON2
Change Component DesignItemId : Designator=P6 Old DesignItemId= New DesignItemId=CON2X3
Change Component DesignItemId : Designator=P7 Old DesignItemId= New DesignItemId=CON2X10
Change Component DesignItemId : Designator=P8 Old DesignItemId= New DesignItemId=CON2X10
Change Component DesignItemId : Designator=J7 Old DesignItemId= New DesignItemId=CON3
Change Component DesignItemId : Designator=FU2 Old DesignItemId= New DesignItemId=FUSE
Change Component DesignItemId : Designator=key2 Old DesignItemId= New DesignItemId=KEY
Change Component DesignItemId : Designator=key3 Old DesignItemId= New DesignItemId=KEY
Change Component DesignItemId : Designator=USB1 Old DesignItemId= New DesignItemId=USB
Change Component DesignItemId : Designator=U5 Old DesignItemId=A New DesignItemId=ASM1117
Change Component DesignItemId : Designator=P5 Old DesignItemId=JLINK- New DesignItemId=JLINK-SWD
Change Component Description : Designator=R5 Old Description= New Description=Resistor
Change Component Description : Designator=R6 Old Description= New Description=Resistor
Change Component Description : Designator=R7 Old Description= New Description=Resistor
Change Component Description : Designator=R8 Old Description= New Description=Resistor
Change Component Description : Designator=R9 Old Description= New Description=Resistor
Change Component Description : Designator=R10 Old Description= New Description=Resistor
Change Component Description : Designator=R11 Old Description= New Description=Resistor
Change Component Description : Designator=R12 Old Description= New Description=Resistor
Change Component Description : Designator=R13 Old Description= New Description=Resistor
Change Component Description : Designator=C12 Old Description=C New Description=Capacitor
Change Component Description : Designator=C13 Old Description=C New Description=Capacitor
Change Component Description : Designator=C14 Old Description=C New Description=Capacitor
Change Component Description : Designator=C16 Old Description=C New Description=Capacitor
Change Component Description : Designator=C18 Old Description=C New Description=Capacitor
Change Component Description : Designator=C19 Old Description=C New Description=Capacitor
Change Component Description : Designator=C20 Old Description=C New Description=Capacitor
Change Component Description : Designator=C21 Old Description=C New Description=Capacitor
Change Component Description : Designator=C22 Old Description=C New Description=Capacitor
Change Component Description : Designator=C23 Old Description=C New Description=Capacitor
Change Component Description : Designator=C24 Old Description=C New Description=Capacitor
Change Component Description : Designator=C25 Old Description=C New Description=Capacitor
Change Component Description : Designator=C26 Old Description=C New Description=Capacitor
Change Component Description : Designator=C27 Old Description=C New Description=Capacitor
Change Component Description : Designator=C28 Old Description=C New Description=Capacitor
Change Component Description : Designator=C29 Old Description=C New Description=Capacitor
Change Component Description : Designator=Y1 Old Description=Crystal Os New Description=Crystal Oscillator
Change Component Description : Designator=Y2 Old Description=Crystal Os New Description=Crystal Oscillator
Change Component Description : Designator=Y3 Old Description=Crystal Os New Description=Crystal Oscillator
Change Component Description : Designator=D3 Old Description=Defa New Description=Default Diode
Change Component Description : Designator=Q1 Old Description=NPN Bipolar Transis New Description=NPN Bipolar Transistor
Change Component Description : Designator=Q2 Old Description=PNP Bipolar Tr New Description=PNP Bipolar Transistor
Change Component Description : Designator=C11 Old Description=Polarized Capacitor New Description=Polarized Capacitor (Axial)
Change Component Description : Designator=C15 Old Description=Polarized Capacitor New Description=Polarized Capacitor (Axial)
Change Component Description : Designator=C17 Old Description=Polarized Capacitor New Description=Polarized Capacitor (Axial)
Change Component Description : Designator=U6 Old Description=STM32 ARM-based 32-bit MCU Performance Line with 64 kB Flash, 20 kB Internal RAM, -40 to +85°C Temperature, 48-Pin LQFP New Description=STM32 ARM-based 32-bit MCU Performance Line with 64 kB Flash, 20 kB Internal RAM, -40 to +85°C Temperature, 48-Pin LQFP, Tray
Change Component Description : Designator=D4 Old Description=Typical INFRARED New Description=Typical INFRARED GaAs LED
Change Component Description : Designator=D5 Old Description=Typical INFRARED New Description=Typical INFRARED GaAs LED
Added Member To Class: ClassName=Core Member=Component U6 STM32F103C8T6
