Removed Pin From Net: NetName=GND Pin=USB1-5
Removed Pin From Net: NetName=VUSB Pin=USB1-MH1
Change Component DesignItemId : Designator=U5 Old DesignItemId= New DesignItemId=ASM1117
Change Component DesignItemId : Designator=C12 Old DesignItemId= New DesignItemId=Cap
Change Component DesignItemId : Designator=C13 Old DesignItemId= New DesignItemId=Cap
Change Component DesignItemId : Designator=C14 Old DesignItemId= New DesignItemId=Cap
Change Component DesignItemId : Designator=C16 Old DesignItemId= New DesignItemId=Cap
Change Component DesignItemId : Designator=C18 Old DesignItemId= New DesignItemId=Cap
Change Component DesignItemId : Designator=C19 Old DesignItemId= New DesignItemId=Cap
Change Component DesignItemId : Designator=C20 Old DesignItemId= New DesignItemId=Cap
Change Component DesignItemId : Designator=C21 Old DesignItemId= New DesignItemId=Cap
Change Component DesignItemId : Designator=C22 Old DesignItemId= New DesignItemId=Cap
Change Component DesignItemId : Designator=C23 Old DesignItemId= New DesignItemId=Cap
Change Component DesignItemId : Designator=C24 Old DesignItemId= New DesignItemId=Cap
Change Component DesignItemId : Designator=C25 Old DesignItemId= New DesignItemId=Cap
Change Component DesignItemId : Designator=C26 Old DesignItemId= New DesignItemId=Cap
Change Component DesignItemId : Designator=C27 Old DesignItemId= New DesignItemId=Cap
Change Component DesignItemId : Designator=C28 Old DesignItemId= New DesignItemId=Cap
Change Component DesignItemId : Designator=C29 Old DesignItemId= New DesignItemId=Cap
Change Component DesignItemId : Designator=U4 Old DesignItemId= New DesignItemId=CH340
Change Component DesignItemId : Designator=J6 Old DesignItemId= New DesignItemId=CON2
Change Component DesignItemId : Designator=P6 Old DesignItemId= New DesignItemId=CON2X3
Change Component DesignItemId : Designator=P7 Old DesignItemId= New DesignItemId=CON2X10
Change Component DesignItemId : Designator=P8 Old DesignItemId= New DesignItemId=CON2X10
Change Component DesignItemId : Designator=J7 Old DesignItemId= New DesignItemId=CON3
Change Component DesignItemId : Designator=D3 Old DesignItemId= New DesignItemId=Diode
Change Component DesignItemId : Designator=FU2 Old DesignItemId= New DesignItemId=FUSE
Change Component DesignItemId : Designator=P5 Old DesignItemId= New DesignItemId=JLINK-SWD
Change Component DesignItemId : Designator=key2 Old DesignItemId= New DesignItemId=KEY
Change Component DesignItemId : Designator=key3 Old DesignItemId= New DesignItemId=KEY
Change Component DesignItemId : Designator=D4 Old DesignItemId= New DesignItemId=LED
Change Component DesignItemId : Designator=D5 Old DesignItemId= New DesignItemId=LED
Change Component DesignItemId : Designator=Q2 Old DesignItemId= New DesignItemId=PNP
Change Component DesignItemId : Designator=R5 Old DesignItemId= New DesignItemId=Res
Change Component DesignItemId : Designator=R6 Old DesignItemId= New DesignItemId=Res
Change Component DesignItemId : Designator=R7 Old DesignItemId= New DesignItemId=Res
Change Component DesignItemId : Designator=R8 Old DesignItemId= New DesignItemId=Res
Change Component DesignItemId : Designator=R9 Old DesignItemId= New DesignItemId=Res
Change Component DesignItemId : Designator=R10 Old DesignItemId= New DesignItemId=Res
Change Component DesignItemId : Designator=R11 Old DesignItemId= New DesignItemId=Res
Change Component DesignItemId : Designator=R12 Old DesignItemId= New DesignItemId=Res
Change Component DesignItemId : Designator=R13 Old DesignItemId= New DesignItemId=Res
Change Component DesignItemId : Designator=USB1 Old DesignItemId= New DesignItemId=USB
Change Component DesignItemId : Designator=Y1 Old DesignItemId= New DesignItemId=XTAL
Change Component DesignItemId : Designator=Y2 Old DesignItemId= New DesignItemId=XTAL
Change Component DesignItemId : Designator=Y3 Old DesignItemId= New DesignItemId=XTAL
Change Component Description : Designator=C12 Old Description= New Description=Capacitor
Change Component Description : Designator=C13 Old Description= New Description=Capacitor
Change Component Description : Designator=C14 Old Description= New Description=Capacitor
Change Component Description : Designator=C16 Old Description= New Description=Capacitor
Change Component Description : Designator=C18 Old Description= New Description=Capacitor
Change Component Description : Designator=C19 Old Description= New Description=Capacitor
Change Component Description : Designator=C20 Old Description= New Description=Capacitor
Change Component Description : Designator=C21 Old Description= New Description=Capacitor
Change Component Description : Designator=C22 Old Description= New Description=Capacitor
Change Component Description : Designator=C23 Old Description= New Description=Capacitor
Change Component Description : Designator=C24 Old Description= New Description=Capacitor
Change Component Description : Designator=C25 Old Description= New Description=Capacitor
Change Component Description : Designator=C26 Old Description= New Description=Capacitor
Change Component Description : Designator=C27 Old Description= New Description=Capacitor
Change Component Description : Designator=C28 Old Description= New Description=Capacitor
Change Component Description : Designator=C29 Old Description= New Description=Capacitor
Change Component Description : Designator=Y1 Old Description= New Description=Crystal Oscillator
Change Component Description : Designator=Y2 Old Description= New Description=Crystal Oscillator
Change Component Description : Designator=Y3 Old Description= New Description=Crystal Oscillator
Change Component Description : Designator=D3 Old Description= New Description=Default Diode
Change Component Description : Designator=Q2 Old Description= New Description=PNP Bipolar Transistor
Change Component Description : Designator=C11 Old Description= New Description=Polarized Capacitor (Axial)
Change Component Description : Designator=C15 Old Description= New Description=Polarized Capacitor (Axial)
Change Component Description : Designator=C17 Old Description= New Description=Polarized Capacitor (Axial)
Change Component Description : Designator=R5 Old Description= New Description=Resistor
Change Component Description : Designator=R6 Old Description= New Description=Resistor
Change Component Description : Designator=R7 Old Description= New Description=Resistor
Change Component Description : Designator=R8 Old Description= New Description=Resistor
Change Component Description : Designator=R9 Old Description= New Description=Resistor
Change Component Description : Designator=R10 Old Description= New Description=Resistor
Change Component Description : Designator=R11 Old Description= New Description=Resistor
Change Component Description : Designator=R12 Old Description= New Description=Resistor
Change Component Description : Designator=R13 Old Description= New Description=Resistor
Change Component Description : Designator=D4 Old Description= New Description=Typical INFRARED GaAs LED
Change Component Description : Designator=D5 Old Description= New Description=Typical INFRARED GaAs LED
Change Component Description : Designator=Q1 Old Description=NPN Bipola New Description=NPN Bipolar Transistor
Change Component Description : Designator=U6 Old Description=STM32 ARM-based 32-bit MCU Performance Line with 64 kB Flash, 20 kB Internal RAM, -40 to +85C Temperature, 48-Pin LQFP New Description=STM32 ARM-based 32-bit MCU Performance Line with 64 kB Flash, 20 kB Internal RAM, -40 to +85C Temperature, 48-Pin LQFP, Tray
Change Component Library : Designator=FU2 Old Library= New Library=常用元器件.SchLib
Change Component Library : Designator=key2 Old Library= New Library=常用元器件.SchLib
Change Component Library : Designator=key3 Old Library= New Library=常用元器件.SchLib
Change Component Library : Designator=J6 Old Library= New Library=常用接插件.SchLib
Change Component Library : Designator=J7 Old Library= New Library=常用接插件.SchLib
Change Component Library : Designator=P6 Old Library= New Library=常用接插件.SchLib
Change Component Library : Designator=P7 Old Library= New Library=常用接插件.SchLib
Change Component Library : Designator=P8 Old Library= New Library=常用接插件.SchLib
Change Component Library : Designator=P5 Old Library=Schlib1.Sch New Library=Schlib1.SchLib
Change Component Library : Designator=R5 Old Library=常 New Library=常用元器件.SchLib
Change Component Library : Designator=R6 Old Library=常 New Library=常用元器件.SchLib
Change Component Library : Designator=R7 Old Library=常 New Library=常用元器件.SchLib
Change Component Library : Designator=R8 Old Library=常 New Library=常用元器件.SchLib
Change Component Library : Designator=R9 Old Library=常 New Library=常用元器件.SchLib
Change Component Library : Designator=R10 Old Library=常 New Library=常用元器件.SchLib
Change Component Library : Designator=R11 Old Library=常 New Library=常用元器件.SchLib
Change Component Library : Designator=R12 Old Library=常 New Library=常用元器件.SchLib
Change Component Library : Designator=R13 Old Library=常 New Library=常用元器件.SchLib
Change Component Library : Designator=U5 Old Library=常? New Library=常用芯片.SchLib
Change Component Library : Designator=D3 Old Library=常用元器 New Library=常用元器件.SchLib
Change Component Library : Designator=C12 Old Library=常用元器? New Library=常用元器件.SchLib
Change Component Library : Designator=C13 Old Library=常用元器? New Library=常用元器件.SchLib
Change Component Library : Designator=C14 Old Library=常用元器? New Library=常用元器件.SchLib
Change Component Library : Designator=C16 Old Library=常用元器? New Library=常用元器件.SchLib
Change Component Library : Designator=C18 Old Library=常用元器? New Library=常用元器件.SchLib
Change Component Library : Designator=C19 Old Library=常用元器? New Library=常用元器件.SchLib
Change Component Library : Designator=C20 Old Library=常用元器? New Library=常用元器件.SchLib
Change Component Library : Designator=C21 Old Library=常用元器? New Library=常用元器件.SchLib
Change Component Library : Designator=C22 Old Library=常用元器? New Library=常用元器件.SchLib
Change Component Library : Designator=C23 Old Library=常用元器? New Library=常用元器件.SchLib
Change Component Library : Designator=C24 Old Library=常用元器? New Library=常用元器件.SchLib
Change Component Library : Designator=C25 Old Library=常用元器? New Library=常用元器件.SchLib
Change Component Library : Designator=C26 Old Library=常用元器? New Library=常用元器件.SchLib
Change Component Library : Designator=C27 Old Library=常用元器? New Library=常用元器件.SchLib
Change Component Library : Designator=C28 Old Library=常用元器? New Library=常用元器件.SchLib
Change Component Library : Designator=C29 Old Library=常用元器? New Library=常用元器件.SchLib
Change Component Library : Designator=USB1 Old Library=常用接插? New Library=常用接插件.SchLib
Added Pin To Net: NetName=PC13 Pin=U6-2
Added Member To Class: ClassName=Core Member=Component U6 STM32F103C8T6
