Added Component: Designator=C11(0805)
Added Component: Designator=C12(0805)
Added Component: Designator=C13(0805)
Added Component: Designator=C14(0805)
Added Component: Designator=C15(0805)
Added Component: Designator=C16(0805)
Added Component: Designator=C17(0805)
Added Component: Designator=C18(0805)
Added Component: Designator=C19(0805)
Added Component: Designator=C20(0805)
Added Component: Designator=C21(0805)
Added Component: Designator=C22(0805)
Added Component: Designator=C23(0805)
Added Component: Designator=C24(0805)
Added Component: Designator=C25(0805)
Added Component: Designator=C26(0805)
Added Component: Designator=C27(0805)
Added Component: Designator=C28(0805)
Added Component: Designator=C29(0805)
Added Component: Designator=D3(ÌùÆ¬¶þ¼«¹Ü)
Added Component: Designator=D4(0805)
Added Component: Designator=D5(0805)
Added Component: Designator=FU2(1812R)
Added Component: Designator=J6(SIP2)
Added Component: Designator=J7(SIP3)
Added Component: Designator=key2(3*6*2.5KEY)
Added Component: Designator=key3(3*6*2.5KEY)
Added Component: Designator=P5(SIP4)
Added Component: Designator=P6(SIP2x3)
Added Component: Designator=P7(SIP2x10)
Added Component: Designator=P8(SIP2x10)
Added Component: Designator=Q1(SOT-23)
Added Component: Designator=Q2(SOT-23)
Added Component: Designator=R5(0805)
Added Component: Designator=R6(0805)
Added Component: Designator=R7(0805)
Added Component: Designator=R8(0805)
Added Component: Designator=R9(0805)
Added Component: Designator=R10(0805)
Added Component: Designator=R11(0805)
Added Component: Designator=R12(0805)
Added Component: Designator=R13(0805)
Added Component: Designator=U4(CH340G)
Added Component: Designator=U5(SOT223)
Added Component: Designator=U6(LQFP48_N)
Added Component: Designator=USB1(Micro_USB)
Added Component: Designator=Y1(XTAL)
Added Component: Designator=Y2(XTAL32)
Added Component: Designator=Y3(XTAL)
Added Pin To Net: NetName=3.3V Pin=C22-1
Added Pin To Net: NetName=3.3V Pin=C23-1
Added Pin To Net: NetName=3.3V Pin=C24-1
Added Pin To Net: NetName=3.3V Pin=C25-1
Added Pin To Net: NetName=3.3V Pin=FU2-2
Added Pin To Net: NetName=3.3V Pin=P5-1
Added Pin To Net: NetName=3.3V Pin=P6-1
Added Pin To Net: NetName=3.3V Pin=P6-2
Added Pin To Net: NetName=3.3V Pin=P7-2
Added Pin To Net: NetName=3.3V Pin=P7-4
Added Pin To Net: NetName=3.3V Pin=Q2-3
Added Pin To Net: NetName=3.3V Pin=R5-1
Added Pin To Net: NetName=3.3V Pin=R7-1
Added Pin To Net: NetName=3.3V Pin=R10-2
Added Pin To Net: NetName=3.3V Pin=R11-2
Added Pin To Net: NetName=3.3V Pin=R12-1
Added Pin To Net: NetName=3.3V Pin=R13-1
Added Pin To Net: NetName=3.3V Pin=U6-1
Added Pin To Net: NetName=3.3V Pin=U6-24
Added Pin To Net: NetName=3.3V Pin=U6-36
Added Pin To Net: NetName=3.3V Pin=U6-48
Added Net: Name=3.3V
Added Pin To Net: NetName=5V Pin=C11-1
Added Pin To Net: NetName=5V Pin=C12-1
Added Pin To Net: NetName=5V Pin=C14-1
Added Pin To Net: NetName=5V Pin=C17-1
Added Pin To Net: NetName=5V Pin=C18-1
Added Pin To Net: NetName=5V Pin=J6-2
Added Pin To Net: NetName=5V Pin=P7-1
Added Pin To Net: NetName=5V Pin=P7-3
Added Pin To Net: NetName=5V Pin=U4-16
Added Pin To Net: NetName=5V Pin=U5-3
Added Net: Name=5V
Added Pin To Net: NetName=BOOT0 Pin=P6-3
Added Pin To Net: NetName=BOOT0 Pin=R9-2
Added Pin To Net: NetName=BOOT0 Pin=U6-44
Added Net: Name=BOOT0
Added Pin To Net: NetName=BOOT1 Pin=P6-4
Added Pin To Net: NetName=BOOT1 Pin=P8-9
Added Pin To Net: NetName=BOOT1 Pin=U6-20
Added Net: Name=BOOT1
Added Pin To Net: NetName=D+ Pin=U4-5
Added Pin To Net: NetName=D+ Pin=USB1-2
Added Net: Name=D+
Added Pin To Net: NetName=D- Pin=U4-6
Added Pin To Net: NetName=D- Pin=USB1-3
Added Net: Name=D-
Added Pin To Net: NetName=DTR Pin=R6-1
Added Pin To Net: NetName=DTR Pin=U4-13
Added Net: Name=DTR
Added Pin To Net: NetName=GND Pin=C11-2
Added Pin To Net: NetName=GND Pin=C12-2
Added Pin To Net: NetName=GND Pin=C13-2
Added Pin To Net: NetName=GND Pin=C14-2
Added Pin To Net: NetName=GND Pin=C15-2
Added Pin To Net: NetName=GND Pin=C16-2
Added Pin To Net: NetName=GND Pin=C17-2
Added Pin To Net: NetName=GND Pin=C18-2
Added Pin To Net: NetName=GND Pin=C19-1
Added Pin To Net: NetName=GND Pin=C20-1
Added Pin To Net: NetName=GND Pin=C21-1
Added Pin To Net: NetName=GND Pin=C22-2
Added Pin To Net: NetName=GND Pin=C23-2
Added Pin To Net: NetName=GND Pin=C24-2
Added Pin To Net: NetName=GND Pin=C25-2
Added Pin To Net: NetName=GND Pin=C26-1
Added Pin To Net: NetName=GND Pin=C27-1
Added Pin To Net: NetName=GND Pin=C28-1
Added Pin To Net: NetName=GND Pin=C29-1
Added Pin To Net: NetName=GND Pin=D4-2
Added Pin To Net: NetName=GND Pin=key2-1
Added Pin To Net: NetName=GND Pin=key3-2
Added Pin To Net: NetName=GND Pin=P5-4
Added Pin To Net: NetName=GND Pin=P6-5
Added Pin To Net: NetName=GND Pin=P6-6
Added Pin To Net: NetName=GND Pin=P8-1
Added Pin To Net: NetName=GND Pin=P8-2
Added Pin To Net: NetName=GND Pin=P8-3
Added Pin To Net: NetName=GND Pin=P8-4
Added Pin To Net: NetName=GND Pin=U4-1
Added Pin To Net: NetName=GND Pin=U5-1
Added Pin To Net: NetName=GND Pin=U6-8
Added Pin To Net: NetName=GND Pin=U6-23
Added Pin To Net: NetName=GND Pin=U6-35
Added Pin To Net: NetName=GND Pin=U6-47
Added Pin To Net: NetName=GND Pin=USB1-4
Added Net: Name=GND
Added Pin To Net: NetName=NetC13_1 Pin=C13-1
Added Pin To Net: NetName=NetC13_1 Pin=U4-4
Added Net: Name=NetC13_1
Added Pin To Net: NetName=NetC15_1 Pin=C15-1
Added Pin To Net: NetName=NetC15_1 Pin=C16-1
Added Pin To Net: NetName=NetC15_1 Pin=FU2-1
Added Pin To Net: NetName=NetC15_1 Pin=U5-2
Added Net: Name=NetC15_1
Added Pin To Net: NetName=NetC19_2 Pin=C19-2
Added Pin To Net: NetName=NetC19_2 Pin=U4-7
Added Pin To Net: NetName=NetC19_2 Pin=Y1-2
Added Net: Name=NetC19_2
Added Pin To Net: NetName=NetC20_2 Pin=C20-2
Added Pin To Net: NetName=NetC20_2 Pin=U4-8
Added Pin To Net: NetName=NetC20_2 Pin=Y1-1
Added Net: Name=NetC20_2
Added Pin To Net: NetName=NetD3_2 Pin=D3-2
Added Pin To Net: NetName=NetD3_2 Pin=Q1-1
Added Pin To Net: NetName=NetD3_2 Pin=R5-2
Added Net: Name=NetD3_2
Added Pin To Net: NetName=NetD4_1 Pin=D4-1
Added Pin To Net: NetName=NetD4_1 Pin=R7-2
Added Net: Name=NetD4_1
Added Pin To Net: NetName=NetD5_1 Pin=D5-1
Added Pin To Net: NetName=NetD5_1 Pin=R13-2
Added Net: Name=NetD5_1
Added Pin To Net: NetName=NetD5_2 Pin=D5-2
Added Pin To Net: NetName=NetD5_2 Pin=J7-1
Added Net: Name=NetD5_2
Added Pin To Net: NetName=NetJ7_3 Pin=J7-3
Added Pin To Net: NetName=NetJ7_3 Pin=key2-2
Added Pin To Net: NetName=NetJ7_3 Pin=R12-2
Added Net: Name=NetJ7_3
Added Pin To Net: NetName=NetQ1_2 Pin=Q1-2
Added Pin To Net: NetName=NetQ1_2 Pin=R6-2
Added Net: Name=NetQ1_2
Added Pin To Net: NetName=NetQ2_1 Pin=Q2-1
Added Pin To Net: NetName=NetQ2_1 Pin=R9-1
Added Net: Name=NetQ2_1
Added Pin To Net: NetName=NetQ2_2 Pin=Q2-2
Added Pin To Net: NetName=NetQ2_2 Pin=R8-2
Added Net: Name=NetQ2_2
Added Pin To Net: NetName=NetR10_1 Pin=R10-1
Added Pin To Net: NetName=NetR10_1 Pin=U6-9
Added Net: Name=NetR10_1
Added Pin To Net: NetName=NRST Pin=C21-2
Added Pin To Net: NetName=NRST Pin=D3-1
Added Pin To Net: NetName=NRST Pin=key3-1
Added Pin To Net: NetName=NRST Pin=R11-1
Added Pin To Net: NetName=NRST Pin=U6-7
Added Net: Name=NRST
Added Pin To Net: NetName=PA0 Pin=P7-5
Added Pin To Net: NetName=PA0 Pin=U6-10
Added Net: Name=PA0
Added Pin To Net: NetName=PA1 Pin=P7-7
Added Pin To Net: NetName=PA1 Pin=U6-11
Added Net: Name=PA1
Added Pin To Net: NetName=PA2 Pin=P7-9
Added Pin To Net: NetName=PA2 Pin=U6-12
Added Net: Name=PA2
Added Pin To Net: NetName=PA3 Pin=P7-11
Added Pin To Net: NetName=PA3 Pin=U6-13
Added Net: Name=PA3
Added Pin To Net: NetName=PA4 Pin=P7-13
Added Pin To Net: NetName=PA4 Pin=U6-14
Added Net: Name=PA4
Added Pin To Net: NetName=PA5 Pin=P7-15
Added Pin To Net: NetName=PA5 Pin=U6-15
Added Net: Name=PA5
Added Pin To Net: NetName=PA6 Pin=P7-17
Added Pin To Net: NetName=PA6 Pin=U6-16
Added Net: Name=PA6
Added Pin To Net: NetName=PA7 Pin=P7-19
Added Pin To Net: NetName=PA7 Pin=U6-17
Added Net: Name=PA7
Added Pin To Net: NetName=PA8 Pin=P7-20
Added Pin To Net: NetName=PA8 Pin=U6-29
Added Net: Name=PA8
Added Pin To Net: NetName=PA9 Pin=P7-18
Added Pin To Net: NetName=PA9 Pin=U4-3
Added Pin To Net: NetName=PA9 Pin=U6-30
Added Net: Name=PA9
Added Pin To Net: NetName=PA10 Pin=P7-16
Added Pin To Net: NetName=PA10 Pin=U4-2
Added Pin To Net: NetName=PA10 Pin=U6-31
Added Net: Name=PA10
Added Pin To Net: NetName=PA11 Pin=P7-14
Added Pin To Net: NetName=PA11 Pin=U6-32
Added Net: Name=PA11
Added Pin To Net: NetName=PA12 Pin=P7-12
Added Pin To Net: NetName=PA12 Pin=U6-33
Added Net: Name=PA12
Added Pin To Net: NetName=PA13 Pin=P5-2
Added Pin To Net: NetName=PA13 Pin=P7-10
Added Pin To Net: NetName=PA13 Pin=U6-34
Added Net: Name=PA13
Added Pin To Net: NetName=PA14 Pin=P5-3
Added Pin To Net: NetName=PA14 Pin=P7-8
Added Pin To Net: NetName=PA14 Pin=U6-37
Added Net: Name=PA14
Added Pin To Net: NetName=PA15 Pin=P7-6
Added Pin To Net: NetName=PA15 Pin=U6-38
Added Net: Name=PA15
Added Pin To Net: NetName=PB0 Pin=P8-5
Added Pin To Net: NetName=PB0 Pin=U6-18
Added Net: Name=PB0
Added Pin To Net: NetName=PB1 Pin=P8-7
Added Pin To Net: NetName=PB1 Pin=U6-19
Added Net: Name=PB1
Added Pin To Net: NetName=PB3 Pin=P8-11
Added Pin To Net: NetName=PB3 Pin=U6-39
Added Net: Name=PB3
Added Pin To Net: NetName=PB4 Pin=P8-13
Added Pin To Net: NetName=PB4 Pin=U6-40
Added Net: Name=PB4
Added Pin To Net: NetName=PB5 Pin=P8-15
Added Pin To Net: NetName=PB5 Pin=U6-41
Added Net: Name=PB5
Added Pin To Net: NetName=PB6 Pin=P8-17
Added Pin To Net: NetName=PB6 Pin=U6-42
Added Net: Name=PB6
Added Pin To Net: NetName=PB7 Pin=P8-19
Added Pin To Net: NetName=PB7 Pin=U6-43
Added Net: Name=PB7
Added Pin To Net: NetName=PB8 Pin=P8-20
Added Pin To Net: NetName=PB8 Pin=U6-45
Added Net: Name=PB8
Added Pin To Net: NetName=PB9 Pin=P8-18
Added Pin To Net: NetName=PB9 Pin=U6-46
Added Net: Name=PB9
Added Pin To Net: NetName=PB10 Pin=P8-16
Added Pin To Net: NetName=PB10 Pin=U6-21
Added Net: Name=PB10
Added Pin To Net: NetName=PB11 Pin=P8-14
Added Pin To Net: NetName=PB11 Pin=U6-22
Added Net: Name=PB11
Added Pin To Net: NetName=PB12 Pin=P8-12
Added Pin To Net: NetName=PB12 Pin=U6-25
Added Net: Name=PB12
Added Pin To Net: NetName=PB13 Pin=P8-10
Added Pin To Net: NetName=PB13 Pin=U6-26
Added Net: Name=PB13
Added Pin To Net: NetName=PB14 Pin=P8-8
Added Pin To Net: NetName=PB14 Pin=U6-27
Added Net: Name=PB14
Added Pin To Net: NetName=PB15 Pin=P8-6
Added Pin To Net: NetName=PB15 Pin=U6-28
Added Net: Name=PB15
Added Pin To Net: NetName=PC13 Pin=J7-2
Added Net: Name=PC13
Added Pin To Net: NetName=RTS Pin=Q1-3
Added Pin To Net: NetName=RTS Pin=R8-1
Added Pin To Net: NetName=RTS Pin=U4-14
Added Net: Name=RTS
Added Pin To Net: NetName=VUSB Pin=J6-1
Added Pin To Net: NetName=VUSB Pin=USB1-1
Added Net: Name=VUSB
Added Pin To Net: NetName=XI1 Pin=C27-2
Added Pin To Net: NetName=XI1 Pin=U6-5
Added Pin To Net: NetName=XI1 Pin=Y3-1
Added Net: Name=XI1
Added Pin To Net: NetName=XI2 Pin=C26-2
Added Pin To Net: NetName=XI2 Pin=U6-3
Added Pin To Net: NetName=XI2 Pin=Y2-2
Added Net: Name=XI2
Added Pin To Net: NetName=XO1 Pin=C29-2
Added Pin To Net: NetName=XO1 Pin=U6-6
Added Pin To Net: NetName=XO1 Pin=Y3-2
Added Net: Name=XO1
Added Pin To Net: NetName=XO2 Pin=C28-2
Added Pin To Net: NetName=XO2 Pin=U6-4
Added Pin To Net: NetName=XO2 Pin=Y2-1
Added Net: Name=XO2
Added Class: Name=Core
Added Room: Name=Core
